  imgui-SFML.cpp
  imgui.cpp
  imgui_draw.cpp
  imgui_tables.cpp
  imgui_widgets.cpp
  Terraquest.cpp
E:\Universitetas\OOP-CPP\Terraquest\Terraquest\include\SFML\System\Exception.hpp(41,47): warning C4275: non dll-interface class 'std::runtime_error' used as base for dll-interface class 'sf::Exception'
  (compiling source file 'Terraquest.cpp')
      C:\Program Files\Microsoft Visual Studio\2022\Community\VC\Tools\MSVC\14.43.34808\include\stdexcept(100,19):
      see declaration of 'std::runtime_error'
      E:\Universitetas\OOP-CPP\Terraquest\Terraquest\include\SFML\System\Exception.hpp(41,23):
      see declaration of 'sf::Exception'
  
E:\Universitetas\OOP-CPP\Terraquest\Terraquest\Terraquest.cpp(10,22): warning C4834: discarding return value of function with [[nodiscard]] attribute
  Generating code
  1875 of 1875 functions (100.0%) were compiled.
    1874 functions were new in current compilation
    0 functions had inline decision re-evaluated but remain unchanged
  Finished generating code
  Terraquest.vcxproj -> E:\Universitetas\OOP-CPP\Terraquest\Terraquest\x64\Release\Terraquest.exe
  'pwsh.exe' is not recognized as an internal or external command,
  operable program or batch file.
